<?xml version="1.0" encoding="UTF-8"?>
<!-- Generated by org.testng.reporters.JUnitReportReporter -->
<testsuite hostname="DESKTOP-3LP2L9R" failures="0" tests="1" name="testCases.tc_001_Registration" time="26.454" errors="0" timestamp="2025-06-12T16:20:39 IST" skipped="0">
  <testcase classname="testCases.tc_001_Registration" name="verifyAccountRegistration" time="26.454"/>
</testsuite> <!-- testCases.tc_001_Registration -->
