<?xml version="1.0" encoding="UTF-8"?>
<!-- Generated by org.testng.reporters.JUnitReportReporter -->
<testsuite hostname="DESKTOP-3LP2L9R" failures="0" tests="1" name="testCases.tc_002_Logintest" time="11.509" errors="0" timestamp="2025-06-12T16:20:39 IST" skipped="0">
  <testcase classname="testCases.tc_002_Logintest" name="verifyLogin" time="11.509"/>
</testsuite> <!-- testCases.tc_002_Logintest -->
