<?xml version="1.0" encoding="UTF-8"?>
<!-- Generated by org.testng.reporters.JUnitReportReporter -->
<testsuite hostname="DESKTOP-3LP2L9R" failures="0" tests="3" name="testCases.tc_003_LoginDDTest" time="14.598" errors="0" timestamp="2025-06-06T16:46:55 IST" skipped="0">
  <testcase classname="testCases.tc_003_LoginDDTest" name="verfiyLoginDDtest" time="6.550"/>
  <testcase classname="testCases.tc_003_LoginDDTest" name="verfiyLoginDDtest" time="4.514"/>
  <testcase classname="testCases.tc_003_LoginDDTest" name="verfiyLoginDDtest" time="3.534"/>
</testsuite> <!-- testCases.tc_003_LoginDDTest -->
