<?xml version="1.0" encoding="UTF-8"?>
<!-- Generated by org.testng.reporters.JUnitReportReporter -->
<testsuite hostname="DESKTOP-3LP2L9R" failures="0" tests="1" name="testCases.tc_001_Registration" time="18.662" errors="0" timestamp="2025-06-16T13:09:10 IST" skipped="0">
  <testcase classname="testCases.tc_001_Registration" name="verifyAccountRegistration" time="18.662"/>
</testsuite> <!-- testCases.tc_001_Registration -->
